<?xml version="1.0" encoding="UTF-8"?>
<testsuite name="project.mdm.MdmApplicationTests" tests="1" skipped="0" failures="0" errors="0" timestamp="2024-06-07T07:19:15" hostname="ceprj" time="0.306">
  <properties/>
  <testcase name="contextLoads()" classname="project.mdm.MdmApplicationTests" time="0.306"/>
  <system-out><![CDATA[16:19:12.830 [Test worker] INFO org.springframework.test.context.support.AnnotationConfigContextLoaderUtils -- Could not detect default configuration classes for test class [project.mdm.MdmApplicationTests]: MdmApplicationTests does not declare any static, non-private, non-final, nested classes annotated with @Configuration.
16:19:12.891 [Test worker] INFO org.springframework.boot.test.context.SpringBootTestContextBootstrapper -- Found @SpringBootConfiguration project.mdm.MdmApplication for test class project.mdm.MdmApplicationTests

  .   ____          _            __ _ _
 /\\ / ___'_ __ _ _(_)_ __  __ _ \ \ \ \
( ( )\___ | '_ | '_| | '_ \/ _` | \ \ \ \
 \\/  ___)| |_)| | | | | || (_| |  ) ) ) )
  '  |____| .__|_| |_|_| |_\__, | / / / /
 =========|_|==============|___/=/_/_/_/
 :: Spring Boot ::                (v3.2.5)

2024-06-07T16:19:13.124+09:00  INFO 2111327 --- [    Test worker] project.mdm.MdmApplicationTests          : Starting MdmApplicationTests using Java 17.0.9 with PID 2111327 (started by t24111 in /home/t24111/v1.0src/web/backend/mdm)
2024-06-07T16:19:13.124+09:00  INFO 2111327 --- [    Test worker] project.mdm.MdmApplicationTests          : No active profile set, falling back to 1 default profile: "default"
2024-06-07T16:19:13.532+09:00  INFO 2111327 --- [    Test worker] .s.d.r.c.RepositoryConfigurationDelegate : Bootstrapping Spring Data JPA repositories in DEFAULT mode.
2024-06-07T16:19:13.575+09:00  INFO 2111327 --- [    Test worker] .s.d.r.c.RepositoryConfigurationDelegate : Finished Spring Data repository scanning in 38 ms. Found 9 JPA repository interfaces.
2024-06-07T16:19:13.880+09:00  INFO 2111327 --- [    Test worker] o.hibernate.jpa.internal.util.LogHelper  : HHH000204: Processing PersistenceUnitInfo [name: default]
2024-06-07T16:19:13.913+09:00  INFO 2111327 --- [    Test worker] org.hibernate.Version                    : HHH000412: Hibernate ORM core version 6.4.4.Final
2024-06-07T16:19:13.933+09:00  INFO 2111327 --- [    Test worker] o.h.c.internal.RegionFactoryInitiator    : HHH000026: Second-level cache disabled
2024-06-07T16:19:14.073+09:00  INFO 2111327 --- [    Test worker] o.s.o.j.p.SpringPersistenceUnitInfo      : No LoadTimeWeaver setup: ignoring JPA class transformer
2024-06-07T16:19:14.090+09:00  INFO 2111327 --- [    Test worker] com.zaxxer.hikari.HikariDataSource       : HikariPool-1 - Starting...
2024-06-07T16:19:14.142+09:00  INFO 2111327 --- [    Test worker] com.zaxxer.hikari.pool.HikariPool        : HikariPool-1 - Added connection org.mariadb.jdbc.Connection@3348c987
2024-06-07T16:19:14.144+09:00  INFO 2111327 --- [    Test worker] com.zaxxer.hikari.HikariDataSource       : HikariPool-1 - Start completed.
2024-06-07T16:19:14.161+09:00  WARN 2111327 --- [    Test worker] org.hibernate.orm.deprecation            : HHH90000025: MariaDBDialect does not need to be specified explicitly using 'hibernate.dialect' (remove the property setting and it will be selected by default)
2024-06-07T16:19:14.759+09:00  INFO 2111327 --- [    Test worker] o.h.e.t.j.p.i.JtaPlatformInitiator       : HHH000489: No JTA platform available (set 'hibernate.transaction.jta.platform' to enable JTA platform integration)
2024-06-07T16:19:14.761+09:00  INFO 2111327 --- [    Test worker] j.LocalContainerEntityManagerFactoryBean : Initialized JPA EntityManagerFactory for persistence unit 'default'
2024-06-07T16:19:15.033+09:00  INFO 2111327 --- [    Test worker] o.s.d.j.r.query.QueryEnhancerFactory     : Hibernate is in classpath; If applicable, HQL parser will be used.
2024-06-07T16:19:15.469+09:00  INFO 2111327 --- [    Test worker] o.s.b.a.w.s.WelcomePageHandlerMapping    : Adding welcome page: class path resource [static/index.html]
2024-06-07T16:19:15.612+09:00  INFO 2111327 --- [    Test worker] o.s.s.web.DefaultSecurityFilterChain     : Will secure any request with [org.springframework.security.web.session.DisableEncodeUrlFilter@6092d41, org.springframework.security.web.context.request.async.WebAsyncManagerIntegrationFilter@a263df9, org.springframework.security.web.context.SecurityContextHolderFilter@3a571d3e, org.springframework.security.web.header.HeaderWriterFilter@4e1349cf, org.springframework.web.filter.CorsFilter@71d4b83b, org.springframework.security.web.authentication.logout.LogoutFilter@503eac4c, project.mdm.security.jwt.JwtAuthenticationFilter@6a4238ff, org.springframework.security.web.savedrequest.RequestCacheAwareFilter@66f62b8c, org.springframework.security.web.servletapi.SecurityContextHolderAwareRequestFilter@3db84bfa, org.springframework.security.web.authentication.AnonymousAuthenticationFilter@33d828b3, org.springframework.security.web.session.SessionManagementFilter@7170da18, org.springframework.security.web.access.ExceptionTranslationFilter@6b4133d0, org.springframework.security.web.access.intercept.AuthorizationFilter@673d73da]
2024-06-07T16:19:15.793+09:00  INFO 2111327 --- [    Test worker] project.mdm.MdmApplicationTests          : Started MdmApplicationTests in 2.817 seconds (process running for 3.384)
]]></system-out>
  <system-err><![CDATA[]]></system-err>
</testsuite>
